admin/AdminDashboard.tsx(7,3): error TS6133: 'TrendingUp' is declared but its value is never read.
admin/AdminDashboard.tsx(23,3): error TS6133: 'Maximize2' is declared but its value is never read.
admin/AdminDashboard.tsx(24,3): error TS6133: 'BarChart3' is declared but its value is never read.
admin/AdminDashboard.tsx(25,3): error TS6133: 'RefreshCw' is declared but its value is never read.
admin/AdminDashboard.tsx(26,3): error TS6133: 'TrendingDown' is declared but its value is never read.
admin/AdminDashboard.tsx(27,3): error TS6133: 'MousePointer2' is declared but its value is never read.
admin/AdminDashboard.tsx(31,1): error TS6133: 'orderService' is declared but its value is never read.
admin/AdminDashboard.tsx(86,24): error TS6133: 'setLiveVisitors' is declared but its value is never read.
admin/AdminDashboard.tsx(98,30): error TS6133: 'setHighlightedOrderId' is declared but its value is never read.
admin/AdminDashboard.tsx(99,9): error TS6133: 'prevOrderCountRef' is declared but its value is never read.
admin/AdminDashboard.tsx(150,10): error TS6133: 'loading' is declared but its value is never read.
admin/AdminDashboard.tsx(150,19): error TS6133: 'setLoading' is declared but its value is never read.
admin/AdminDashboard.tsx(278,9): error TS6133: 'recentOrders' is declared but its value is never read.
admin/AdminDashboard.tsx(291,9): error TS6133: 'MotionPath' is declared but its value is never read.
admin/AdminSettings.tsx(4,11): error TS6133: 'Layout' is declared but its value is never read.
admin/AdminSettings.tsx(6,40): error TS6133: 'Trash2' is declared but its value is never read.
admin/AdminSettings.tsx(7,5): error TS6133: 'MoreVertical' is declared but its value is never read.
admin/AdminSettings.tsx(7,37): error TS6133: 'BarChart3' is declared but its value is never read.
admin/AdminSettings.tsx(8,17): error TS6133: 'Mail' is declared but its value is never read.
admin/AdminSettings.tsx(8,29): error TS6133: 'FileText' is declared but its value is never read.
admin/AdminSettings.tsx(8,39): error TS6133: 'Zap' is declared but its value is never read.
admin/AdminSettings.tsx(78,18): error TS6133: 'setTeam' is declared but its value is never read.
admin/AdminSettings.tsx(81,12): error TS6133: 'isLoadingSettings' is declared but its value is never read.
admin/AdminSettings.tsx(246,11): error TS6133: 'filteredTabs' is declared but its value is never read.
admin/Analytics.tsx(7,13): error TS6133: 'PieChart' is declared but its value is never read.
admin/Analytics.tsx(9,1): error TS6133: 'orderService' is declared but its value is never read.
admin/Analytics.tsx(83,35): error TS7006: Parameter 'item' implicitly has an 'any' type.
admin/Analytics.tsx(102,35): error TS7006: Parameter 'item' implicitly has an 'any' type.
admin/Analytics.tsx(207,29): error TS6133: 'i' is declared but its value is never read.
admin/CMS.tsx(2,10): error TS6133: 'Image' is declared but its value is never read.
admin/CMS.tsx(2,17): error TS6133: 'Plus' is declared but its value is never read.
admin/CMS.tsx(2,23): error TS6133: 'Search' is declared but its value is never read.
admin/CMS.tsx(16,24): error TS6133: 'error' is declared but its value is never read.
admin/ControlCenter.tsx(6,44): error TS6133: 'Lock' is declared but its value is never read.
admin/ControlCenter.tsx(7,26): error TS6133: 'Calendar' is declared but its value is never read.
admin/ControlCenter.tsx(7,46): error TS6133: 'HelpCircle' is declared but its value is never read.
admin/ControlCenter.tsx(8,5): error TS6133: 'ExternalLink' is declared but its value is never read.
admin/ControlCenter.tsx(8,19): error TS6133: 'Mail' is declared but its value is never read.
admin/ControlCenter.tsx(226,94): error TS7006: Parameter 'v' implicitly has an 'any' type.
admin/ControlCenter.tsx(229,94): error TS7006: Parameter 'v' implicitly has an 'any' type.
admin/ControlCenter.tsx(251,98): error TS7006: Parameter 'v' implicitly has an 'any' type.
admin/ControlCenter.tsx(254,116): error TS7006: Parameter 'v' implicitly has an 'any' type.
admin/ControlCenter.tsx(290,107): error TS7006: Parameter 'v' implicitly has an 'any' type.
admin/ControlCenter.tsx(399,60): error TS7006: Parameter 'v' implicitly has an 'any' type.
admin/ControlCenter.tsx(404,60): error TS7006: Parameter 'v' implicitly has an 'any' type.
admin/ControlCenter.tsx(412,60): error TS7006: Parameter 'v' implicitly has an 'any' type.
admin/ControlCenter.tsx(417,60): error TS7006: Parameter 'v' implicitly has an 'any' type.
admin/ControlCenter.tsx(425,60): error TS7006: Parameter 'v' implicitly has an 'any' type.
admin/ControlCenter.tsx(467,93): error TS7006: Parameter 'v' implicitly has an 'any' type.
admin/ControlCenter.tsx(473,60): error TS7006: Parameter 'v' implicitly has an 'any' type.
admin/ControlCenter.tsx(498,93): error TS7006: Parameter 'v' implicitly has an 'any' type.
admin/ControlCenter.tsx(518,97): error TS7006: Parameter 'v' implicitly has an 'any' type.
admin/Customers.tsx(5,35): error TS6133: 'MoreHorizontal' is declared but its value is never read.
admin/Customers.tsx(6,4): error TS6133: 'Filter' is declared but its value is never read.
admin/Customers.tsx(6,22): error TS6133: 'ArrowUpRight' is declared but its value is never read.
admin/Customers.tsx(6,39): error TS6133: 'Edit2' is declared but its value is never read.
admin/Customers.tsx(7,17): error TS6133: 'ShieldCheck' is declared but its value is never read.
admin/Customers.tsx(7,30): error TS6133: 'Check' is declared but its value is never read.
admin/Customers.tsx(7,37): error TS6133: 'Loader2' is declared but its value is never read.
admin/Customers.tsx(8,4): error TS6133: 'MapPin' is declared but its value is never read.
admin/Customers.tsx(8,12): error TS6133: 'Package' is declared but its value is never read.
admin/Customers.tsx(8,21): error TS6133: 'Clock' is declared but its value is never read.
admin/Customers.tsx(8,28): error TS6133: 'ShieldAlert' is declared but its value is never read.
admin/Customers.tsx(8,41): error TS6133: 'ChevronRight' is declared but its value is never read.
admin/Customers.tsx(9,16): error TS6133: 'CreditCard' is declared but its value is never read.
admin/Customers.tsx(9,38): error TS6133: 'Zap' is declared but its value is never read.
admin/Customers.tsx(9,43): error TS6133: 'Star' is declared but its value is never read.
admin/Customers.tsx(10,11): error TS6133: 'Ban' is declared but its value is never read.
admin/Customers.tsx(10,16): error TS6133: 'CheckCircle2' is declared but its value is never read.
admin/Customers.tsx(10,30): error TS6133: 'Copy' is declared but its value is never read.
admin/Customers.tsx(34,11): error TS6133: 'isLoading' is declared but its value is never read.
admin/Header.tsx(2,16): error TS6133: 'Search' is declared but its value is never read.
admin/Header.tsx(2,24): error TS6133: 'LogOut' is declared but its value is never read.
admin/Header.tsx(9,9): error TS6133: 'handleSignOut' is declared but its value is never read.
admin/Logs.tsx(3,26): error TS6133: 'Calendar' is declared but its value is never read.
admin/Logs.tsx(4,1): error TS6133: 'motion' is declared but its value is never read.
admin/Marketing.tsx(3,4): error TS6133: 'Search' is declared but its value is never read.
admin/Marketing.tsx(3,18): error TS6133: 'Download' is declared but its value is never read.
admin/Marketing.tsx(3,28): error TS6133: 'Filter' is declared but its value is never read.
admin/Marketing.tsx(3,36): error TS6133: 'Mail' is declared but its value is never read.
admin/Marketing.tsx(3,42): error TS6133: 'Clock' is declared but its value is never read.
admin/Marketing.tsx(3,49): error TS6133: 'RefreshCw' is declared but its value is never read.
admin/Marketing.tsx(3,60): error TS6133: 'ChevronDown' is declared but its value is never read.
admin/Marketing.tsx(4,4): error TS6133: 'MoreVertical' is declared but its value is never read.
admin/Marketing.tsx(4,18): error TS6133: 'X' is declared but its value is never read.
admin/Marketing.tsx(47,11): error TS6133: 'activeTab' is declared but its value is never read.
admin/Marketing.tsx(47,22): error TS6133: 'setActiveTab' is declared but its value is never read.
admin/Orders.tsx(5,20): error TS6133: 'Download' is declared but its value is never read.
admin/Orders.tsx(6,34): error TS6133: 'AlertCircle' is declared but its value is never read.
admin/Orders.tsx(7,21): error TS6133: 'ChevronRight' is declared but its value is never read.
admin/Orders.tsx(8,23): error TS6133: 'ArrowUpRight' is declared but its value is never read.
admin/Orders.tsx(9,3): error TS6133: 'MoreHorizontal' is declared but its value is never read.
admin/Orders.tsx(21,10): error TS6133: 'isLoading' is declared but its value is never read.
admin/Orders.tsx(21,21): error TS6133: 'setIsLoading' is declared but its value is never read.
admin/Products.tsx(5,32): error TS6133: 'Check' is declared but its value is never read.
admin/Products.tsx(6,3): error TS6133: 'LayoutGrid' is declared but its value is never read.
admin/Products.tsx(6,23): error TS6133: 'ListIcon' is declared but its value is never read.
admin/Products.tsx(6,33): error TS6133: 'Tag' is declared but its value is never read.
admin/Products.tsx(14,10): error TS6133: 'loading' is declared but its value is never read.
admin/Products.tsx(14,19): error TS6133: 'setLoading' is declared but its value is never read.
admin/Products.tsx(16,28): error TS6133: 'setSelectedCategory' is declared but its value is never read.
admin/Products.tsx(17,22): error TS6133: 'setPriceRange' is declared but its value is never read.
admin/Products.tsx(18,25): error TS6133: 'setSelectedColor' is declared but its value is never read.
admin/Products.tsx(19,24): error TS6133: 'setSelectedSize' is declared but its value is never read.
admin/Returns.tsx(6,13): error TS6133: 'Filter' is declared but its value is never read.
admin/Returns.tsx(6,21): error TS6133: 'ExternalLink' is declared but its value is never read.
admin/Returns.tsx(9,18): error TS6133: 'AnimatePresence' is declared but its value is never read.
admin/Reviews.tsx(4,5): error TS6133: 'Search' is declared but its value is never read.
admin/Reviews.tsx(4,19): error TS6133: 'Filter' is declared but its value is never read.
admin/Reviews.tsx(5,13): error TS6133: 'CheckCircle2' is declared but its value is never read.
admin/Reviews.tsx(5,27): error TS6133: 'XCircle' is declared but its value is never read.
admin/Reviews.tsx(6,5): error TS6133: 'Eye' is declared but its value is never read.
admin/Reviews.tsx(6,10): error TS6133: 'ExternalLink' is declared but its value is never read.
admin/Reviews.tsx(8,1): error TS6192: All imports in import declaration are unused.
admin/Settings.tsx(4,21): error TS6133: 'Users' is declared but its value is never read.
admin/Settings.tsx(10,1): error TS6133: 'useCart' is declared but its value is never read.
admin/Sidebar.tsx(11,3): error TS6133: 'ChevronRight' is declared but its value is never read.
admin/stock/BulkModal.tsx(5,1): error TS6133: 'EnhancedProduct' is declared but its value is never read.
admin/stock/StockManager.tsx(5,11): error TS6133: 'Filter' is declared but its value is never read.
admin/stock/StockTable.tsx(5,11): error TS6133: 'MoreHorizontal' is declared but its value is never read.
admin/stock/StockTable.tsx(33,45): error TS6133: 'onUpdateStock' is declared but its value is never read.
admin/Tracking.tsx(3,10): error TS6133: 'Navigation' is declared but its value is never read.
admin/Tracking.tsx(3,46): error TS6133: 'ShieldCheck' is declared but its value is never read.
admin/Tracking.tsx(3,64): error TS6133: 'Activity' is declared but its value is never read.
admin/Tracking.tsx(107,129): error TS2345: Argument of type 'string | undefined' is not assignable to parameter of type 'string'.
  Type 'undefined' is not assignable to type 'string'.
App.tsx(1,28): error TS6133: 'useState' is declared but its value is never read.
App.tsx(3,27): error TS6133: 'motion' is declared but its value is never read.
components/CartDrawer.tsx(122,90): error TS2551: Property 'stock' does not exist on type 'CartItem'. Did you mean 'inStock'?
components/CartDrawer.tsx(131,55): error TS2551: Property 'stock' does not exist on type 'CartItem'. Did you mean 'inStock'?
components/CartDrawer.tsx(131,86): error TS2551: Property 'stock' does not exist on type 'CartItem'. Did you mean 'inStock'?
components/ErrorBoundary.tsx(2,17): error TS6133: 'Component' is declared but its value is never read.
components/Header.tsx(9,3): error TS6133: 'Shield' is declared but its value is never read.
components/Header.tsx(10,16): error TS6133: 'LayoutDashboard' is declared but its value is never read.
components/Header.tsx(10,33): error TS6133: 'PackageSearch' is declared but its value is never read.
components/Header.tsx(11,28): error TS6133: 'ClipboardList' is declared but its value is never read.
components/Header.tsx(22,10): error TS6133: 'isAdminMenuOpen' is declared but its value is never read.
components/Header.tsx(28,17): error TS6133: 'role' is declared but its value is never read.
components/Header.tsx(28,23): error TS6133: 'isAdmin' is declared but its value is never read.
components/Header.tsx(89,9): error TS6133: 'isHome' is declared but its value is never read.
components/home/CategoryGrid.tsx(1,1): error TS6133: 'React' is declared but its value is never read.
components/home/FeaturedProducts.tsx(1,1): error TS6133: 'React' is declared but its value is never read.
components/home/FeaturedProducts.tsx(4,25): error TS2307: Cannot find module '@/context/CartProvider' or its corresponding type declarations.
components/home/FeaturedProducts.tsx(44,36): error TS7006: Parameter 'product' implicitly has an 'any' type.
components/home/FeaturedProducts.tsx(44,45): error TS7006: Parameter 'idx' implicitly has an 'any' type.
components/home/Hero.tsx(1,8): error TS6133: 'React' is declared but its value is never read.
components/home/HomeCommon.tsx(1,25): error TS6133: 'useState' is declared but its value is never read.
components/home/HomeCommon.tsx(1,48): error TS6133: 'useEffect' is declared but its value is never read.
components/home/HomeCommon.tsx(3,18): error TS6133: 'PURPLE' is declared but its value is never read.
components/home/HomeCommon.tsx(3,26): error TS6133: 'LIME' is declared but its value is never read.
components/home/HomeCommon.tsx(3,32): error TS6133: 'MILKY' is declared but its value is never read.
components/home/HomeCommon.tsx(3,39): error TS6133: 'DARK_TXT' is declared but its value is never read.
components/home/HomeCommon.tsx(3,49): error TS6133: 'PUR_BORDER' is declared but its value is never read.
components/home/HomeEditorial.tsx(1,8): error TS6133: 'React' is declared but its value is never read.
components/home/HomeEditorial.tsx(5,18): error TS6133: 'BG_DARK' is declared but its value is never read.
components/home/HomeGallery.tsx(1,1): error TS6133: 'React' is declared but its value is never read.
components/home/HomeHero.tsx(1,1): error TS6133: 'React' is declared but its value is never read.
components/home/HomeMonologue.tsx(74,5): error TS6133: 'dark' is declared but its value is never read.
components/home/HomeParallaxVideoReel.tsx(1,8): error TS6133: 'React' is declared but its value is never read.
components/home/HomeParallaxVideoReel.tsx(5,7): error TS6133: 'PanelA' is declared but its value is never read.
components/home/HomeParallaxVideoReel.tsx(42,7): error TS6133: 'ChapterDivider' is declared but its value is never read.
components/home/HomeParallaxVideoReel.tsx(49,7): error TS6133: 'PanelB' is declared but its value is never read.
components/home/HomeSocialProof.tsx(1,8): error TS6133: 'React' is declared but its value is never read.
components/home/HomeSoleMatch.tsx(53,18): error TS6133: 'hours' is declared but its value is never read.
components/home/HomeTicker.tsx(1,1): error TS6133: 'React' is declared but its value is never read.
components/home/HomeTrustStrip.tsx(1,1): error TS6133: 'React' is declared but its value is never read.
components/home/HomeVideoBreak.tsx(1,8): error TS6133: 'React' is declared but its value is never read.
components/home/HomeVideoBreak.tsx(3,19): error TS6133: 'LIME' is declared but its value is never read.
components/home/HomeVideoBreak.tsx(3,25): error TS6133: 'MILKY' is declared but its value is never read.
components/home/HomeVideoBreak.tsx(4,17): error TS6133: 'SplitText' is declared but its value is never read.
components/home/HomeVideoSticky.tsx(1,8): error TS6133: 'React' is declared but its value is never read.
components/home/HomeVideoSticky.tsx(5,25): error TS6133: 'MILKY' is declared but its value is never read.
components/home/InfographicSection.tsx(3,35): error TS6133: 'PURPLE' is declared but its value is never read.
components/home/InfographicSection.tsx(3,43): error TS6133: 'DARK_TXT' is declared but its value is never read.
components/home/InfographicSection.tsx(3,53): error TS6133: 'MILKY' is declared but its value is never read.
components/home/InfographicSection.tsx(3,60): error TS6133: 'PUR_BORDER' is declared but its value is never read.
components/home/LookbookGrid.tsx(1,1): error TS6133: 'React' is declared but its value is never read.
components/home/MarqueeBanner.tsx(1,1): error TS6133: 'React' is declared but its value is never read.
components/home/MediaDump.tsx(1,1): error TS6133: 'React' is declared but its value is never read.
components/home/PremiumProductCard.tsx(4,36): error TS6133: 'ArrowRight' is declared but its value is never read.
components/home/pro/EditorialGrid.tsx(1,8): error TS6133: 'React' is declared but its value is never read.
components/home/pro/Hero.tsx(1,8): error TS6133: 'React' is declared but its value is never read.
components/home/pro/Marquee.tsx(1,1): error TS6133: 'React' is declared but its value is never read.
components/home/pro/ProFeatures.tsx(1,1): error TS6133: 'React' is declared but its value is never read.
components/home/pro/ProLookbook.tsx(1,8): error TS6133: 'React' is declared but its value is never read.
components/home/pro/ProLookbook.tsx(3,16): error TS6133: 'X' is declared but its value is never read.
components/home/pro/ProLookbook.tsx(3,19): error TS6133: 'ArrowRight' is declared but its value is never read.
components/home/pro/ProLookbook.tsx(6,11): error TS6196: 'LookbookItem' is declared but never used.
components/home/pro/ProNewsletter.tsx(3,10): error TS6133: 'Mail' is declared but its value is never read.
components/home/pro/ProNewsletter.tsx(3,23): error TS6133: 'X' is declared but its value is never read.
components/home/pro/ProTrending.tsx(1,8): error TS6133: 'React' is declared but its value is never read.
components/home/pro/ProTrending.tsx(1,35): error TS6133: 'useEffect' is declared but its value is never read.
components/home/pro/ProTrending.tsx(2,34): error TS6133: 'useSpring' is declared but its value is never read.
components/home/pro/ProTrending.tsx(3,30): error TS2307: Cannot find module '@/hooks/useProScroll' or its corresponding type declarations.
components/home/pro/ProTrending.tsx(4,22): error TS6133: 'Plus' is declared but its value is never read.
components/home/pro/ProTrending.tsx(162,11): error TS6133: 'velocity' is declared but its value is never read.
components/home/pro/ProTrending.tsx(166,11): error TS6133: 'skew' is declared but its value is never read.
components/home/pro/ProTrending.tsx(166,35): error TS6133: 'latest' is declared but its value is never read.
components/home/ProductWall.tsx(1,1): error TS6133: 'React' is declared but its value is never read.
components/home/SocialFeed.tsx(1,1): error TS6133: 'React' is declared but its value is never read.
components/home/TrendingSlider.tsx(1,1): error TS6133: 'React' is declared but its value is never read.
components/home/VideoShowcase.tsx(1,8): error TS6133: 'React' is declared but its value is never read.
components/LeadPopup.tsx(4,1): error TS6133: 'Button' is declared but its value is never read.
components/LeadPopup.tsx(48,9): error TS6133: 'handleSubmit' is declared but its value is never read.
components/Newsletter.tsx(2,1): error TS6133: 'React' is declared but its value is never read.
components/OrderTracking.tsx(5,34): error TS6133: 'Clock' is declared but its value is never read.
components/OrderTracking.tsx(6,5): error TS6133: 'MapPin' is declared but its value is never read.
components/OrderTracking.tsx(6,13): error TS6133: 'ChevronRight' is declared but its value is never read.
components/OrderTracking.tsx(7,31): error TS6133: 'RefreshCw' is declared but its value is never read.
components/OrderTracking.tsx(20,77): error TS6133: 'onClose' is declared but its value is never read.
components/OrderTracking.tsx(31,11): error TS6133: 'fetchOrderDetails' is declared but its value is never read.
components/OrderTracking.tsx(33,27): error TS6133: 'error' is declared but its value is never read.
components/ProductCard.tsx(17,15): error TS6133: 'isWishlisted' is declared but its value is never read.
components/ProductCard.tsx(18,15): error TS6133: 'onToggleWishlist' is declared but its value is never read.
components/ProductCard.tsx(69,39): error TS7006: Parameter 'e' implicitly has an 'any' type.
components/ProductCard.tsx(175,39): error TS7006: Parameter 'e' implicitly has an 'any' type.
components/profile/DashboardRecentOrders.tsx(2,65): error TS6133: 'FileText' is declared but its value is never read.
components/profile/DashboardRecentOrders.tsx(12,68): error TS6133: 'setActiveTab' is declared but its value is never read.
components/profile/ProfileAddresses.tsx(18,7): error TS6133: 'DEFAULT_ADDRESSES' is declared but its value is never read.
components/profile/ProfileOrders.tsx(216,90): error TS18048: 'order.timeline' is possibly 'undefined'.
components/profile/ProfileOrders.tsx(219,62): error TS18048: 'order.timeline' is possibly 'undefined'.
components/profile/ProfileOrders.tsx(224,91): error TS18048: 'order.timeline' is possibly 'undefined'.
components/profile/ProfileRecommendations.tsx(2,10): error TS6133: 'Plus' is declared but its value is never read.
components/profile/ProfileSettings.tsx(2,62): error TS6133: 'AlertCircle' is declared but its value is never read.
components/profile/ProfileSidebar.tsx(33,5): error TS6133: 'isAuthenticated' is declared but its value is never read.
components/profile/ProfileSidebar.tsx(37,11): error TS6133: 'navigate' is declared but its value is never read.
components/profile/ProfileVault.tsx(3,17): error TS6133: 'ShoppingBag' is declared but its value is never read.
components/profile/ProfileVault.tsx(3,38): error TS6133: 'ArrowRight' is declared but its value is never read.
components/profile/ProfileWalletCards.tsx(15,12): error TS6133: 'loading' is declared but its value is never read.
components/profile/ProfileWalletCards.tsx(25,27): error TS6133: 'error' is declared but its value is never read.
components/QuickViewModal.tsx(4,31): error TS6133: 'Check' is declared but its value is never read.
constants.ts(2,66): error TS6133: 'Review' is declared but its value is never read.
context/CartProvider.tsx(4,10): error TS6133: 'PRODUCTS' is declared but its value is never read.
context/CartProvider.tsx(8,1): error TS6133: 'orderService' is declared but its value is never read.
context/CartProvider.tsx(78,17): error TS6133: 'isAdmin' is declared but its value is never read.
context/CartProvider.tsx(91,19): error TS6133: 'setReturns' is declared but its value is never read.
context/CartProvider.tsx(94,25): error TS6133: 'setWalletBalance' is declared but its value is never read.
context/CartProvider.tsx(95,25): error TS6133: 'setLoyaltyPoints' is declared but its value is never read.
debug_raw.ts(12,45): error TS7006: Parameter 'p' implicitly has an 'any' type.
debug_raw.ts(14,29): error TS7006: Parameter 'row' implicitly has an 'any' type.
debug_raw.ts(14,34): error TS7006: Parameter 'i' implicitly has an 'any' type.
hooks/useProScroll.ts(25,30): error TS6133: 'options' is declared but its value is never read.
hooks/useProScroll.ts(28,11): error TS6133: 'scrollX' is declared but its value is never read.
pages/About.tsx(6,3): error TS6133: 'Building2' is declared but its value is never read.
pages/About.tsx(7,11): error TS6133: 'Users' is declared but its value is never read.
pages/About.tsx(8,3): error TS6133: 'ArrowRight' is declared but its value is never read.
pages/About.tsx(8,30): error TS6133: 'Globe' is declared but its value is never read.
pages/account/ProfileAddresses.tsx(5,25): error TS6133: 'AlertCircle' is declared but its value is never read.
pages/account/ProfileAddresses.tsx(6,28): error TS6133: 'Edit3' is declared but its value is never read.
pages/account/ProfileAddresses.tsx(7,16): error TS6133: 'Globe' is declared but its value is never read.
pages/account/ProfileAddresses.tsx(7,23): error TS6133: 'Loader2' is declared but its value is never read.
pages/account/ProfileAddresses.tsx(40,27): error TS6133: 'error' is declared but its value is never read.
pages/account/ProfileDashboard.tsx(1,38): error TS6133: 'useRef' is declared but its value is never read.
pages/account/ProfileDashboard.tsx(4,5): error TS6133: 'User' is declared but its value is never read.
pages/account/ProfileDashboard.tsx(5,41): error TS6133: 'Filter' is declared but its value is never read.
pages/account/ProfileDashboard.tsx(6,5): error TS6133: 'ChevronRight' is declared but its value is never read.
pages/account/ProfileDashboard.tsx(6,25): error TS6133: 'Trash2' is declared but its value is never read.
pages/account/ProfileDashboard.tsx(8,5): error TS6133: 'ArrowRight' is declared but its value is never read.
pages/account/ProfileDashboard.tsx(8,17): error TS6133: 'Smartphone' is declared but its value is never read.
pages/account/ProfileDashboard.tsx(8,51): error TS6133: 'RefreshCw' is declared but its value is never read.
pages/account/ProfileDashboard.tsx(9,5): error TS6133: 'MoreVertical' is declared but its value is never read.
pages/account/ProfileDashboard.tsx(9,26): error TS6133: 'AlertCircle' is declared but its value is never read.
pages/account/ProfileDashboard.tsx(9,39): error TS6133: 'Copy' is declared but its value is never read.
pages/account/ProfileDashboard.tsx(9,45): error TS6133: 'ExternalLink' is declared but its value is never read.
pages/account/ProfileDashboard.tsx(9,59): error TS6133: 'Calendar' is declared but its value is never read.
pages/account/ProfileDashboard.tsx(10,5): error TS6133: 'Gift' is declared but its value is never read.
pages/account/ProfileDashboard.tsx(10,11): error TS6133: 'Home' is declared but its value is never read.
pages/account/ProfileDashboard.tsx(15,20): error TS6133: 'EnhancedProduct' is declared but its value is never read.
pages/account/ProfileDashboard.tsx(18,1): error TS6192: All imports in import declaration are unused.
pages/account/ProfileDashboard.tsx(63,13): error TS6133: 'cartCount' is declared but its value is never read.
pages/account/ProfileDashboard.tsx(239,56): error TS6133: 'idx' is declared but its value is never read.
pages/account/ProfilePayments.tsx(3,42): error TS6133: 'Wallet' is declared but its value is never read.
pages/account/ProfilePayments.tsx(3,50): error TS6133: 'Trash2' is declared but its value is never read.
pages/account/ProfilePayments.tsx(9,11): error TS6133: 'navigate' is declared but its value is never read.
pages/account/ProfileSecurity.tsx(3,44): error TS6133: 'X' is declared but its value is never read.
pages/account/ProfileSecurity.tsx(25,15): error TS7030: Not all code paths return a value.
pages/Cart.tsx(2,23): error TS6133: 'Trash2' is declared but its value is never read.
pages/Cart.tsx(67,27): error TS6133: 'setDeliverySpeed' is declared but its value is never read.
pages/Checkout.tsx(30,27): error TS6133: 'setDeliverySpeed' is declared but its value is never read.
pages/Checkout.tsx(33,12): error TS6133: 'captchaToken' is declared but its value is never read.
pages/Checkout.tsx(531,142): error TS6133: 'idx' is declared but its value is never read.
pages/CollectionsPage.tsx(4,3): error TS6133: 'Filter' is declared but its value is never read.
pages/CollectionsPage.tsx(4,11): error TS6133: 'X' is declared but its value is never read.
pages/CollectionsPage.tsx(4,22): error TS6133: 'Star' is declared but its value is never read.
pages/CollectionsPage.tsx(4,37): error TS6133: 'ArrowRight' is declared but its value is never read.
pages/CollectionsPage.tsx(4,49): error TS6133: 'ArrowUpRight' is declared but its value is never read.
pages/CollectionsPage.tsx(20,26): error TS6133: 'setActiveCategory' is declared but its value is never read.
pages/Contact.tsx(13,9): error TS6133: 'handleSubmit' is declared but its value is never read.
pages/CustomizerPage.tsx(6,16): error TS6133: 'Wand2' is declared but its value is never read.
pages/CustomizerPage.tsx(6,23): error TS6133: 'Sparkles' is declared but its value is never read.
pages/CustomizerPage.tsx(6,33): error TS6133: 'Rotate3d' is declared but its value is never read.
pages/CustomizerPage.tsx(7,20): error TS6133: 'Maximize2' is declared but its value is never read.
pages/CustomizerPage.tsx(8,17): error TS6133: 'Info' is declared but its value is never read.
pages/CustomizerPage.tsx(55,23): error TS6133: 'event' is declared but its value is never read.
pages/Home.tsx(1,8): error TS6133: 'React' is declared but its value is never read.
pages/Home.tsx(1,17): error TS6133: 'useRef' is declared but its value is never read.
pages/InfoPage.tsx(6,12): error TS6133: 'FileText' is declared but its value is never read.
pages/InfoPage.tsx(7,35): error TS6133: 'ArrowRight' is declared but its value is never read.
pages/InfoPage.tsx(8,18): error TS6133: 'AlertTriangle' is declared but its value is never read.
pages/InfoPage.tsx(9,17): error TS6133: 'Sparkles' is declared but its value is never read.
pages/InfoPage.tsx(11,4): error TS6133: 'Fingerprint' is declared but its value is never read.
pages/InfoPage.tsx(11,17): error TS6133: 'Database' is declared but its value is never read.
pages/InfoPage.tsx(11,27): error TS6133: 'ScanFace' is declared but its value is never read.
pages/InfoPage.tsx(11,37): error TS6133: 'ScrollText' is declared but its value is never read.
pages/InfoPage.tsx(14,1): error TS6133: 'ASSETS' is declared but its value is never read.
pages/InfoPage.tsx(25,10): error TS6133: 'y1' is declared but its value is never read.
pages/InfoPage.tsx(26,10): error TS6133: 'rotate1' is declared but its value is never read.
pages/InfoPage.tsx(42,10): error TS6133: 'MotionImg' is declared but its value is never read.
pages/InfoPage.tsx(589,7): error TS6133: 'BarChart3' is declared but its value is never read.
pages/InfoPage.tsx(590,7): error TS6133: 'Megaphone' is declared but its value is never read.
pages/Login.tsx(1,27): error TS6133: 'useEffect' is declared but its value is never read.
pages/Login.tsx(28,11): error TS6133: 'itemVariants' is declared but its value is never read.
pages/Orders.tsx(3,67): error TS6133: 'Truck' is declared but its value is never read.
pages/Orders.tsx(9,1): error TS6133: 'PRODUCTS' is declared but its value is never read.
pages/ProductDetail.tsx(1,38): error TS6133: 'useRef' is declared but its value is never read.
pages/ProductDetail.tsx(3,35): error TS6133: 'useScroll' is declared but its value is never read.
pages/ProductDetail.tsx(3,46): error TS6133: 'useTransform' is declared but its value is never read.
pages/ProductDetail.tsx(6,18): error TS6133: 'User' is declared but its value is never read.
pages/ProductDetail.tsx(6,42): error TS6133: 'Info' is declared but its value is never read.
pages/ProductDetail.tsx(7,4): error TS6133: 'BarChart3' is declared but its value is never read.
pages/ProductDetail.tsx(7,35): error TS6133: 'ExternalLink' is declared but its value is never read.
pages/ProductDetail.tsx(8,40): error TS6133: 'Package' is declared but its value is never read.
pages/ProductDetail.tsx(9,4): error TS6133: 'AlertTriangle' is declared but its value is never read.
pages/ProductDetail.tsx(10,12): error TS6133: 'ThumbsUp' is declared but its value is never read.
pages/ProductDetail.tsx(16,10): error TS6133: 'EnhancedProduct' is declared but its value is never read.
pages/ProductDetail.tsx(16,35): error TS6133: 'PRODUCTS' is declared but its value is never read.
pages/ProductDetail.tsx(18,1): error TS6133: 'PageNav' is declared but its value is never read.
pages/ProductDetail.tsx(20,1): error TS6133: 'QuickViewModal' is declared but its value is never read.
pages/ProductDetail.tsx(31,10): error TS6133: 'location' is declared but its value is never read.
pages/ProductDetail.tsx(32,33): error TS6133: 'submitReview' is declared but its value is never read.
pages/ProductDetail.tsx(42,11): error TS6133: 'error' is declared but its value is never read.
pages/ProductDetail.tsx(54,11): error TS6133: 'reviewHelpfulCount' is declared but its value is never read.
pages/ProductDetail.tsx(64,14): error TS7030: Not all code paths return a value.
pages/ProductDetail.tsx(123,10): error TS6133: 'handleHelpful' is declared but its value is never read.
pages/ProductDetail.tsx(133,10): error TS6133: 'handleReport' is declared but its value is never read.
pages/Products.tsx(2,35): error TS6133: 'useAnimation' is declared but its value is never read.
pages/Products.tsx(5,11): error TS6133: 'Package' is declared but its value is never read.
pages/Products.tsx(5,20): error TS6133: 'ArrowUpRight' is declared but its value is never read.
pages/Products.tsx(6,22): error TS6133: 'Check' is declared but its value is never read.
pages/Products.tsx(6,43): error TS6133: 'Palette' is declared but its value is never read.
pages/Products.tsx(6,52): error TS6133: 'Ruler' is declared but its value is never read.
pages/Products.tsx(6,59): error TS6133: 'Tag' is declared but its value is never read.
pages/Products.tsx(7,21): error TS6133: 'Heart' is declared but its value is never read.
pages/Products.tsx(7,28): error TS6133: 'ShoppingCart' is declared but its value is never read.
pages/Products.tsx(7,42): error TS6133: 'Star' is declared but its value is never read.
pages/Products.tsx(7,61): error TS6133: 'AlertCircle' is declared but its value is never read.
pages/Products.tsx(7,83): error TS6133: 'CreditCard' is declared but its value is never read.
pages/Products.tsx(11,27): error TS6133: 'PRODUCTS' is declared but its value is never read.
pages/Products.tsx(192,9): error TS6133: 'MotionImg' is declared but its value is never read.
pages/Products.tsx(570,7): error TS6133: 'FilterSection' is declared but its value is never read.
pages/ReturnOrder.tsx(76,15): error TS7030: Not all code paths return a value.
pages/Wishlist.tsx(1,8): error TS6133: 'React' is declared but its value is never read.
scripts/health_check.ts(3,1): error TS6192: All imports in import declaration are unused.
scripts/health_check.ts(3,10): error TS2305: Module '"../constants"' has no exported member 'SUPABASE_URL'.
scripts/health_check.ts(3,24): error TS2305: Module '"../constants"' has no exported member 'SUPABASE_ANON_KEY'.
scripts/health_check.ts(23,7): error TS6133: 'sbUrl' is declared but its value is never read.
scripts/health_check.ts(24,7): error TS6133: 'sbKey' is declared but its value is never read.
scripts/health_check.ts(80,19): error TS6133: 'config' is declared but its value is never read.
scripts/health_check.ts(89,19): error TS6133: 'profiles' is declared but its value is never read.
services/orderService.ts(2,1): error TS6133: 'Order' is declared but its value is never read.
services/orderService.ts(30,23): error TS6133: 'userId' is declared but its value is never read.
services/orderService.ts(168,41): error TS6133: 'userId' is declared but its value is never read.
services/orderService.ts(198,38): error TS6133: 'userId' is declared but its value is never read.
utils/couponUtils.ts(93,15): error TS6133: 'res' is declared but its value is never read.
